<?xml version="1.0" encoding="UTF-8"?>
<!-- Generated by org.testng.reporters.JUnitXMLReporter -->
<testsuite ignored="0" hostname="LIN83003279" failures="0" tests="12" name="Default test" time="44.183" errors="0" timestamp="2021-07-15T21:19:23 IST">
  <testcase classname="librariesTest.testlogin" name="verifyLoginPage" time="0.022"/>
  <testcase classname="librariesTest.testlogin" name="image_present_or_not" time="0.061"/>
  <testcase classname="librariesTest.testlogin" name="article_text" time="0.039"/>
  <testcase classname="librariesTest.testlogin" name="article_quotation" time="0.037"/>
  <testcase classname="librariesTest.testlogin" name="health_blog" time="0.033"/>
  <testcase classname="librariesTest.testlogin" name="health_blog_quotation" time="0.032"/>
  <testcase classname="librariesTest.testlogin" name="quote" time="0.035"/>
  <testcase classname="librariesTest.testlogin" name="hi_name" time="0.034"/>
  <testcase classname="librariesTest.testlogin" name="appointments" time="3.901"/>
  <testcase classname="librariesTest.testlogin" name="Text_Found_or_Not" time="0.279"/>
  <testcase classname="librariesTest.testlogin" name="meds" time="5.459"/>
  <testcase classname="librariesTest.testlogin" name="labtests" time="0.095"/>
</testsuite> <!-- Default test -->
